<?xml version="1.0" encoding="UTF-8"?>
<!-- Generated by org.testng.reporters.JUnitReportReporter -->
<testsuite skipped="0" hostname="DESKTOP-482OVNE" name="com.actitime.tests.TestCases" tests="10" failures="0" timestamp="02 Nov 2018 15:46:33 GMT" time="44.405" errors="0">
  <testcase name="logintest" time="4.421" classname="com.actitime.tests.TestCases"/>
  <testcase name="logintest" time="4.438" classname="com.actitime.tests.TestCases"/>
  <testcase name="logintest" time="4.395" classname="com.actitime.tests.TestCases"/>
  <testcase name="logintest" time="4.456" classname="com.actitime.tests.TestCases"/>
  <testcase name="logintest" time="4.455" classname="com.actitime.tests.TestCases"/>
  <testcase name="logintest" time="4.437" classname="com.actitime.tests.TestCases"/>
  <testcase name="logintest" time="4.455" classname="com.actitime.tests.TestCases"/>
  <testcase name="logintest" time="4.568" classname="com.actitime.tests.TestCases"/>
  <testcase name="logintest" time="4.413" classname="com.actitime.tests.TestCases"/>
  <testcase name="logintest" time="4.367" classname="com.actitime.tests.TestCases"/>
</testsuite> <!-- com.actitime.tests.TestCases -->
